# JRE version: Java(TM) SE Runtime Environment (21.0.2+13) (build 21.0.2+13-LTS-58)
# Java VM: Java HotSpot(TM) 64-Bit Server VM (21.0.2+13-LTS-58, mixed mode, sharing, tiered, compressed oops, compressed class ptrs, g1 gc, windows-amd64)
GC Precious Log:
 CardTable entry size: 512
 Card Set container configuration: InlinePtr #cards 5 size 8 Array Of Cards #cards 12 size 40 Howl #buckets 4 coarsen threshold 1843 Howl Bitmap #cards 512 size 80 coarsen threshold 460 Card regions per heap region 1 cards per card region 2048
 CPUs: 4 total, 4 available
 Memory: 3895M
 Large Page Support: Disabled
 NUMA Support: Disabled
 Compressed Oops: Enabled (32-bit)
 Heap Region Size: 1M
 Heap Min Capacity: 8M
 Heap Initial Capacity: 62M
 Heap Max Capacity: 974M
 Pre-touch: Disabled
 Parallel Workers: 4
 Concurrent Workers: 1
 Concurrent Refinement Workers: 4
 Periodic GC: Disabled
Heap:
 garbage-first heap   total 51200K, used 29630K [0x00000000c3200000, 0x0000000100000000)
  region size 1024K, 13 young (13312K), 2 survivors (2048K)
 Metaspace       used 37693K, committed 38272K, reserved 1114112K
  class space    used 5070K, committed 5312K, reserved 1048576K
GC Heap History (16 events):
Event: 1.027 GC heap before
{Heap before GC invocations=0 (full 0):
 garbage-first heap   total 63488K, used 14336K [0x00000000c3200000, 0x0000000100000000)
  region size 1024K, 13 young (13312K), 0 survivors (0K)
 Metaspace       used 3266K, committed 3456K, reserved 1114112K
  class space    used 345K, committed 448K, reserved 1048576K
}
Event: 1.033 GC heap after
{Heap after GC invocations=1 (full 0):
 garbage-first heap   total 63488K, used 6862K [0x00000000c3200000, 0x0000000100000000)
  region size 1024K, 2 young (2048K), 2 survivors (2048K)
 Metaspace       used 3266K, committed 3456K, reserved 1114112K
  class space    used 345K, committed 448K, reserved 1048576K
}
Event: 1.434 GC heap before
{Heap before GC invocations=1 (full 0):
 garbage-first heap   total 63488K, used 19150K [0x00000000c3200000, 0x0000000100000000)
  region size 1024K, 14 young (14336K), 2 survivors (2048K)
 Metaspace       used 6975K, committed 7168K, reserved 1114112K
  class space    used 827K, committed 896K, reserved 1048576K
}
Event: 1.440 GC heap after
{Heap after GC invocations=2 (full 0):
 garbage-first heap   total 63488K, used 8136K [0x00000000c3200000, 0x0000000100000000)
  region size 1024K, 2 young (2048K), 2 survivors (2048K)
 Metaspace       used 6975K, committed 7168K, reserved 1114112K
  class space    used 827K, committed 896K, reserved 1048576K
}
Event: 3.361 GC heap before
{Heap before GC invocations=2 (full 0):
 garbage-first heap   total 63488K, used 32712K [0x00000000c3200000, 0x0000000100000000)
  region size 1024K, 26 young (26624K), 2 survivors (2048K)
 Metaspace       used 13756K, committed 14144K, reserved 1114112K
  class space    used 1744K, committed 1920K, reserved 1048576K
}
Event: 3.367 GC heap after
{Heap after GC invocations=3 (full 0):
 garbage-first heap   total 63488K, used 11453K [0x00000000c3200000, 0x0000000100000000)
  region size 1024K, 4 young (4096K), 4 survivors (4096K)
 Metaspace       used 13756K, committed 14144K, reserved 1114112K
  class space    used 1744K, committed 1920K, reserved 1048576K
}
Event: 4.164 GC heap before
{Heap before GC invocations=3 (full 0):
 garbage-first heap   total 63488K, used 43197K [0x00000000c3200000, 0x0000000100000000)
  region size 1024K, 36 young (36864K), 4 survivors (4096K)
 Metaspace       used 20360K, committed 20736K, reserved 1114112K
  class space    used 2495K, committed 2688K, reserved 1048576K
}
Event: 4.172 GC heap after
{Heap after GC invocations=4 (full 0):
 garbage-first heap   total 63488K, used 14131K [0x00000000c3200000, 0x0000000100000000)
  region size 1024K, 3 young (3072K), 3 survivors (3072K)
 Metaspace       used 20360K, committed 20736K, reserved 1114112K
  class space    used 2495K, committed 2688K, reserved 1048576K
}
Event: 4.823 GC heap before
{Heap before GC invocations=4 (full 0):
 garbage-first heap   total 63488K, used 19251K [0x00000000c3200000, 0x0000000100000000)
  region size 1024K, 9 young (9216K), 3 survivors (3072K)
 Metaspace       used 21089K, committed 21504K, reserved 1114112K
  class space    used 2588K, committed 2816K, reserved 1048576K
}
Event: 4.828 GC heap after
{Heap after GC invocations=5 (full 0):
 garbage-first heap   total 63488K, used 14402K [0x00000000c3200000, 0x0000000100000000)
  region size 1024K, 3 young (3072K), 3 survivors (3072K)
 Metaspace       used 21089K, committed 21504K, reserved 1114112K
  class space    used 2588K, committed 2816K, reserved 1048576K
}
Event: 6.625 GC heap before
{Heap before GC invocations=6 (full 0):
 garbage-first heap   total 51200K, used 42050K [0x00000000c3200000, 0x0000000100000000)
  region size 1024K, 30 young (30720K), 3 survivors (3072K)
 Metaspace       used 25931K, committed 26368K, reserved 1114112K
  class space    used 3253K, committed 3456K, reserved 1048576K
}
Event: 6.635 GC heap after
{Heap after GC invocations=7 (full 0):
 garbage-first heap   total 51200K, used 17459K [0x00000000c3200000, 0x0000000100000000)
  region size 1024K, 4 young (4096K), 4 survivors (4096K)
 Metaspace       used 25931K, committed 26368K, reserved 1114112K
  class space    used 3253K, committed 3456K, reserved 1048576K
}
Event: 7.594 GC heap before
{Heap before GC invocations=7 (full 0):
 garbage-first heap   total 51200K, used 41011K [0x00000000c3200000, 0x0000000100000000)
  region size 1024K, 27 young (27648K), 4 survivors (4096K)
 Metaspace       used 31337K, committed 31872K, reserved 1114112K
  class space    used 3936K, committed 4160K, reserved 1048576K
}
Event: 7.602 GC heap after
{Heap after GC invocations=8 (full 0):
 garbage-first heap   total 51200K, used 19329K [0x00000000c3200000, 0x0000000100000000)
  region size 1024K, 3 young (3072K), 3 survivors (3072K)
 Metaspace       used 31337K, committed 31872K, reserved 1114112K
  class space    used 3936K, committed 4160K, reserved 1048576K
}
Event: 8.683 GC heap before
{Heap before GC invocations=8 (full 0):
 garbage-first heap   total 51200K, used 33665K [0x00000000c3200000, 0x0000000100000000)
  region size 1024K, 18 young (18432K), 3 survivors (3072K)
 Metaspace       used 35417K, committed 35968K, reserved 1114112K
  class space    used 4607K, committed 4864K, reserved 1048576K
}
Event: 8.687 GC heap after
{Heap after GC invocations=9 (full 0):
 garbage-first heap   total 51200K, used 20414K [0x00000000c3200000, 0x0000000100000000)
  region size 1024K, 2 young (2048K), 2 survivors (2048K)
 Metaspace       used 35417K, committed 35968K, reserved 1114112K
  class space    used 4607K, committed 4864K, reserved 1048576K
}

